[0m14:31:55.277014 [debug] [MainThread]: Sending event: {'category': 'dbt', 'action': 'invocation', 'label': 'start', 'context': [<snowplow_tracker.self_describing_json.SelfDescribingJson object at 0x7f7b21989120>, <snowplow_tracker.self_describing_json.SelfDescribingJson object at 0x7f7b1f6f4f70>, <snowplow_tracker.self_describing_json.SelfDescribingJson object at 0x7f7b1f6f4f10>]}


============================== 14:31:55.280425 | 6d9de288-53c5-47b6-a1f7-87357f36c326 ==============================
[0m14:31:55.280425 [info ] [MainThread]: Running with dbt=1.7.4
[0m14:31:55.281400 [debug] [MainThread]: running dbt with arguments {'printer_width': '80', 'indirect_selection': 'eager', 'write_json': 'True', 'log_cache_events': 'False', 'partial_parse': 'True', 'cache_selected_only': 'False', 'profiles_dir': '/home/codespace/.dbt', 'fail_fast': 'False', 'debug': 'False', 'log_path': 'logs', 'version_check': 'True', 'warn_error': 'None', 'use_colors': 'True', 'use_experimental_parser': 'False', 'no_print': 'None', 'quiet': 'False', 'log_format': 'default', 'invocation_command': 'dbt init DBT_Snowflake_DWH', 'warn_error_options': 'WarnErrorOptions(include=[], exclude=[])', 'static_parser': 'True', 'target_path': 'None', 'introspect': 'True', 'send_anonymous_usage_stats': 'True'}
[0m14:31:55.282183 [warn ] [MainThread]: [ConfigFolderDirectory]: Unable to parse dict {'dir': PosixPath('/home/codespace/.dbt')}
[0m14:31:55.282912 [info ] [MainThread]: Creating dbt configuration folder at 
[0m14:31:55.284267 [debug] [MainThread]: Starter project path: /workspaces/DBT_Snowflake_DWH_END_TO_END/dbt-env/lib/python3.10/site-packages/dbt/include/starter_project
[0m14:31:55.290230 [info ] [MainThread]: 
Your new dbt project "DBT_Snowflake_DWH" was created!

For more information on how to configure the profiles.yml file,
please consult the dbt documentation here:

  https://docs.getdbt.com/docs/configure-your-profile

One more thing:

Need help? Don't hesitate to reach out to us via GitHub issues or on Slack:

  https://community.getdbt.com/

Happy modeling!

[0m14:31:55.291140 [info ] [MainThread]: Setting up your profile.
[0m14:34:13.978090 [info ] [MainThread]: Profile DBT_Snowflake_DWH written to /home/codespace/.dbt/profiles.yml using target's profile_template.yml and your supplied values. Run 'dbt debug' to validate the connection.
[0m14:34:13.979945 [debug] [MainThread]: Resource report: {"command_name": "init", "command_success": true, "command_wall_clock_time": 138.70767, "process_user_time": 2.728705, "process_kernel_time": 0.189801, "process_mem_max_rss": "110120", "process_in_blocks": "3256", "process_out_blocks": "80"}
[0m14:34:13.980924 [debug] [MainThread]: Command `dbt init` succeeded at 14:34:13.980676 after 138.71 seconds
[0m14:34:13.981642 [debug] [MainThread]: Sending event: {'category': 'dbt', 'action': 'invocation', 'label': 'end', 'context': [<snowplow_tracker.self_describing_json.SelfDescribingJson object at 0x7f7b21989120>, <snowplow_tracker.self_describing_json.SelfDescribingJson object at 0x7f7b1f6f5e40>, <snowplow_tracker.self_describing_json.SelfDescribingJson object at 0x7f7b1f6f52d0>]}
[0m14:34:13.982567 [debug] [MainThread]: Flushing usage events
